<?xml version="1.0" encoding="UTF-8"?>
<coverage generated="1745509946788" clover="3.2.0">
  <project timestamp="1745509946788" name="All files">
    <metrics statements="236" coveredstatements="121" conditionals="145" coveredconditionals="52" methods="34" coveredmethods="16" elements="415" coveredelements="189" complexity="0" loc="236" ncloc="236" packages="1" files="1" classes="1"/>
    <file name="rag_engine.ts" path="E:\study\Business\Develope\libwys\app\lib\rag_engine.ts">
      <metrics statements="236" coveredstatements="121" conditionals="145" coveredconditionals="52" methods="34" coveredmethods="16"/>
      <line num="8" count="1" type="stmt"/>
      <line num="28" count="1" type="stmt"/>
      <line num="53" count="1" type="stmt"/>
      <line num="60" count="21" type="stmt"/>
      <line num="61" count="24" type="cond" truecount="1" falsecount="0"/>
      <line num="62" count="3" type="stmt"/>
      <line num="67" count="3" type="stmt"/>
      <line num="71" count="21" type="stmt"/>
      <line num="72" count="21" type="cond" truecount="1" falsecount="0"/>
      <line num="73" count="2" type="stmt"/>
      <line num="74" count="2" type="stmt"/>
      <line num="78" count="19" type="stmt"/>
      <line num="90" count="19" type="stmt"/>
      <line num="91" count="133" type="stmt"/>
      <line num="92" count="133" type="cond" truecount="1" falsecount="0"/>
      <line num="94" count="14" type="stmt"/>
      <line num="100" count="19" type="stmt"/>
      <line num="101" count="19" type="stmt"/>
      <line num="102" count="25" type="cond" truecount="1" falsecount="0"/>
      <line num="104" count="22" type="stmt"/>
      <line num="105" count="154" type="stmt"/>
      <line num="106" count="154" type="cond" truecount="1" falsecount="0"/>
      <line num="108" count="16" type="stmt"/>
      <line num="115" count="19" type="stmt"/>
      <line num="116" count="19" type="stmt"/>
      <line num="118" count="19" type="stmt"/>
      <line num="119" count="152" type="cond" truecount="1" falsecount="0"/>
      <line num="120" count="14" type="stmt"/>
      <line num="121" count="14" type="stmt"/>
      <line num="126" count="19" type="cond" truecount="1" falsecount="0"/>
      <line num="127" count="5" type="stmt"/>
      <line num="131" count="19" type="stmt"/>
      <line num="133" count="19" type="stmt"/>
      <line num="144" count="19" type="stmt"/>
      <line num="151" count="1" type="stmt"/>
      <line num="179" count="5" type="stmt"/>
      <line num="183" count="5" type="stmt"/>
      <line num="185" count="5" type="cond" truecount="2" falsecount="0"/>
      <line num="188" count="5" type="cond" truecount="3" falsecount="0"/>
      <line num="189" count="1" type="stmt"/>
      <line num="192" count="4" type="cond" truecount="1" falsecount="0"/>
      <line num="193" count="1" type="cond" truecount="1" falsecount="1"/>
      <line num="199" count="3" type="stmt"/>
      <line num="200" count="3" type="cond" truecount="0" falsecount="1"/>
      <line num="201" count="0" type="stmt"/>
      <line num="202" count="0" type="stmt"/>
      <line num="205" count="0" type="cond" truecount="0" falsecount="1"/>
      <line num="206" count="0" type="stmt"/>
      <line num="210" count="3" type="stmt"/>
      <line num="212" count="3" type="cond" truecount="2" falsecount="1"/>
      <line num="213" count="0" type="stmt"/>
      <line num="217" count="3" type="stmt"/>
      <line num="218" count="3" type="stmt"/>
      <line num="221" count="3" type="stmt"/>
      <line num="224" count="3" type="cond" truecount="0" falsecount="1"/>
      <line num="225" count="0" type="stmt"/>
      <line num="231" count="0" type="stmt"/>
      <line num="234" count="3" type="stmt"/>
      <line num="246" count="3" type="stmt"/>
      <line num="249" count="3" type="stmt"/>
      <line num="250" count="3" type="cond" truecount="0" falsecount="1"/>
      <line num="251" count="0" type="cond" truecount="0" falsecount="14"/>
      <line num="254" count="0" type="stmt"/>
      <line num="255" count="0" type="stmt"/>
      <line num="258" count="0" type="stmt"/>
      <line num="259" count="0" type="stmt"/>
      <line num="262" count="0" type="stmt"/>
      <line num="263" count="0" type="stmt"/>
      <line num="266" count="0" type="stmt"/>
      <line num="267" count="0" type="stmt"/>
      <line num="271" count="0" type="stmt"/>
      <line num="272" count="0" type="stmt"/>
      <line num="276" count="0" type="stmt"/>
      <line num="277" count="0" type="stmt"/>
      <line num="282" count="3" type="stmt"/>
      <line num="285" count="3" type="stmt"/>
      <line num="288" count="3" type="cond" truecount="0" falsecount="1"/>
      <line num="290" count="0" type="stmt"/>
      <line num="291" count="0" type="cond" truecount="0" falsecount="1"/>
      <line num="292" count="0" type="stmt"/>
      <line num="295" count="3" type="stmt"/>
      <line num="297" count="3" type="stmt"/>
      <line num="300" count="1" type="stmt"/>
      <line num="313" count="1" type="cond" truecount="1" falsecount="1"/>
      <line num="328" count="3" type="cond" truecount="2" falsecount="0"/>
      <line num="330" count="2" type="cond" truecount="1" falsecount="7"/>
      <line num="332" count="0" type="stmt"/>
      <line num="334" count="2" type="stmt"/>
      <line num="336" count="0" type="stmt"/>
      <line num="338" count="0" type="stmt"/>
      <line num="340" count="0" type="stmt"/>
      <line num="342" count="0" type="stmt"/>
      <line num="344" count="0" type="stmt"/>
      <line num="346" count="0" type="stmt"/>
      <line num="350" count="1" type="cond" truecount="1" falsecount="7"/>
      <line num="352" count="0" type="stmt"/>
      <line num="354" count="0" type="stmt"/>
      <line num="356" count="0" type="stmt"/>
      <line num="358" count="0" type="stmt"/>
      <line num="360" count="0" type="stmt"/>
      <line num="362" count="0" type="stmt"/>
      <line num="364" count="0" type="stmt"/>
      <line num="366" count="1" type="stmt"/>
      <line num="379" count="3" type="cond" truecount="3" falsecount="0"/>
      <line num="380" count="1" type="stmt"/>
      <line num="383" count="2" type="stmt"/>
      <line num="386" count="2" type="cond" truecount="3" falsecount="0"/>
      <line num="387" count="1" type="cond" truecount="1" falsecount="1"/>
      <line num="391" count="1" type="stmt"/>
      <line num="392" count="1" type="cond" truecount="1" falsecount="0"/>
      <line num="393" count="4" type="stmt"/>
      <line num="394" count="1" type="stmt"/>
      <line num="396" count="1" type="cond" truecount="1" falsecount="1"/>
      <line num="400" count="1" type="stmt"/>
      <line num="405" count="2" type="cond" truecount="3" falsecount="0"/>
      <line num="406" count="1" type="cond" truecount="1" falsecount="1"/>
      <line num="410" count="1" type="stmt"/>
      <line num="411" count="1" type="cond" truecount="1" falsecount="0"/>
      <line num="412" count="4" type="stmt"/>
      <line num="413" count="1" type="stmt"/>
      <line num="416" count="1" type="stmt"/>
      <line num="417" count="1" type="stmt"/>
      <line num="420" count="1" type="cond" truecount="1" falsecount="1"/>
      <line num="424" count="1" type="stmt"/>
      <line num="429" count="2" type="cond" truecount="1" falsecount="0"/>
      <line num="432" count="1" type="stmt"/>
      <line num="435" count="1" type="stmt"/>
      <line num="436" count="1" type="stmt"/>
      <line num="437" count="13" type="cond" truecount="3" falsecount="0"/>
      <line num="439" count="3" type="cond" truecount="1" falsecount="0"/>
      <line num="440" count="1" type="stmt"/>
      <line num="443" count="12" type="stmt"/>
      <line num="446" count="1" type="stmt"/>
      <line num="449" count="2" type="stmt"/>
      <line num="467" count="2" type="cond" truecount="1" falsecount="1"/>
      <line num="470" count="2" type="stmt"/>
      <line num="477" count="6" type="stmt"/>
      <line num="479" count="2" type="stmt"/>
      <line num="480" count="8" type="stmt"/>
      <line num="483" count="2" type="stmt"/>
      <line num="493" count="0" type="stmt"/>
      <line num="495" count="0" type="stmt"/>
      <line num="501" count="0" type="stmt"/>
      <line num="508" count="0" type="stmt"/>
      <line num="518" count="2" type="stmt"/>
      <line num="521" count="2" type="cond" truecount="1" falsecount="1"/>
      <line num="525" count="2" type="stmt"/>
      <line num="531" count="2" type="stmt"/>
      <line num="538" count="2" type="stmt"/>
      <line num="548" count="0" type="stmt"/>
      <line num="551" count="0" type="cond" truecount="0" falsecount="2"/>
      <line num="553" count="0" type="stmt"/>
      <line num="559" count="0" type="stmt"/>
      <line num="566" count="0" type="stmt"/>
      <line num="576" count="0" type="stmt"/>
      <line num="579" count="0" type="cond" truecount="0" falsecount="2"/>
      <line num="580" count="0" type="cond" truecount="0" falsecount="2"/>
      <line num="582" count="0" type="stmt"/>
      <line num="588" count="0" type="stmt"/>
      <line num="595" count="0" type="stmt"/>
      <line num="605" count="0" type="stmt"/>
      <line num="608" count="0" type="cond" truecount="0" falsecount="2"/>
      <line num="609" count="0" type="cond" truecount="0" falsecount="2"/>
      <line num="610" count="0" type="cond" truecount="0" falsecount="2"/>
      <line num="612" count="0" type="stmt"/>
      <line num="618" count="0" type="stmt"/>
      <line num="625" count="0" type="stmt"/>
      <line num="635" count="0" type="stmt"/>
      <line num="638" count="0" type="cond" truecount="0" falsecount="2"/>
      <line num="639" count="0" type="cond" truecount="0" falsecount="2"/>
      <line num="641" count="0" type="stmt"/>
      <line num="647" count="0" type="stmt"/>
      <line num="654" count="0" type="stmt"/>
      <line num="664" count="0" type="stmt"/>
      <line num="667" count="0" type="cond" truecount="0" falsecount="2"/>
      <line num="668" count="0" type="cond" truecount="0" falsecount="2"/>
      <line num="670" count="0" type="stmt"/>
      <line num="676" count="0" type="stmt"/>
      <line num="683" count="0" type="stmt"/>
      <line num="693" count="0" type="stmt"/>
      <line num="696" count="0" type="cond" truecount="0" falsecount="2"/>
      <line num="697" count="0" type="cond" truecount="0" falsecount="2"/>
      <line num="699" count="0" type="stmt"/>
      <line num="705" count="0" type="stmt"/>
      <line num="712" count="0" type="stmt"/>
      <line num="730" count="1" type="cond" truecount="1" falsecount="1"/>
      <line num="733" count="1" type="stmt"/>
      <line num="740" count="3" type="stmt"/>
      <line num="742" count="1" type="stmt"/>
      <line num="743" count="4" type="stmt"/>
      <line num="746" count="1" type="stmt"/>
      <line num="756" count="0" type="stmt"/>
      <line num="759" count="0" type="cond" truecount="0" falsecount="2"/>
      <line num="763" count="0" type="stmt"/>
      <line num="769" count="0" type="stmt"/>
      <line num="776" count="0" type="stmt"/>
      <line num="786" count="0" type="stmt"/>
      <line num="789" count="0" type="cond" truecount="0" falsecount="2"/>
      <line num="791" count="0" type="stmt"/>
      <line num="797" count="0" type="stmt"/>
      <line num="804" count="0" type="stmt"/>
      <line num="814" count="0" type="stmt"/>
      <line num="816" count="0" type="cond" truecount="0" falsecount="2"/>
      <line num="817" count="0" type="cond" truecount="0" falsecount="2"/>
      <line num="819" count="0" type="stmt"/>
      <line num="825" count="0" type="stmt"/>
      <line num="832" count="0" type="stmt"/>
      <line num="842" count="0" type="stmt"/>
      <line num="844" count="0" type="stmt"/>
      <line num="850" count="0" type="stmt"/>
      <line num="857" count="0" type="stmt"/>
      <line num="867" count="0" type="stmt"/>
      <line num="869" count="0" type="cond" truecount="0" falsecount="2"/>
      <line num="870" count="0" type="cond" truecount="0" falsecount="2"/>
      <line num="872" count="0" type="stmt"/>
      <line num="878" count="0" type="stmt"/>
      <line num="885" count="0" type="stmt"/>
      <line num="895" count="1" type="stmt"/>
      <line num="897" count="1" type="cond" truecount="1" falsecount="1"/>
      <line num="898" count="1" type="cond" truecount="1" falsecount="1"/>
      <line num="899" count="1" type="cond" truecount="1" falsecount="1"/>
      <line num="901" count="1" type="stmt"/>
      <line num="907" count="1" type="stmt"/>
      <line num="914" count="1" type="stmt"/>
      <line num="924" count="0" type="stmt"/>
      <line num="926" count="0" type="cond" truecount="0" falsecount="2"/>
      <line num="927" count="0" type="cond" truecount="0" falsecount="2"/>
      <line num="929" count="0" type="stmt"/>
      <line num="935" count="0" type="stmt"/>
      <line num="942" count="0" type="stmt"/>
      <line num="952" count="0" type="stmt"/>
      <line num="954" count="0" type="cond" truecount="0" falsecount="2"/>
      <line num="955" count="0" type="cond" truecount="0" falsecount="2"/>
      <line num="957" count="0" type="stmt"/>
      <line num="963" count="0" type="stmt"/>
      <line num="970" count="0" type="stmt"/>
    </file>
  </project>
</coverage>
