{"E:\\study\\Business\\Develope\\libwys\\app\\lib\\rag_engine.ts": {"path":"E:\\study\\Business\\Develope\\libwys\\app\\lib\\rag_engine.ts","statementMap":{"0":{"start":{"line":60,"column":16},"end":{"line":60,"column":33}},"1":{"start":{"line":179,"column":16},"end":{"line":179,"column":39}},"2":{"start":{"line":8,"column":19},"end":{"line":8,"column":null}},"3":{"start":{"line":28,"column":26},"end":{"line":50,"column":null}},"4":{"start":{"line":53,"column":29},"end":{"line":53,"column":null}},"5":{"start":{"line":61,"column":2},"end":{"line":68,"column":null}},"6":{"start":{"line":62,"column":4},"end":{"line":66,"column":null}},"7":{"start":{"line":67,"column":4},"end":{"line":67,"column":null}},"8":{"start":{"line":71,"column":28},"end":{"line":71,"column":null}},"9":{"start":{"line":72,"column":2},"end":{"line":75,"column":null}},"10":{"start":{"line":73,"column":27},"end":{"line":73,"column":null}},"11":{"start":{"line":74,"column":4},"end":{"line":74,"column":null}},"12":{"start":{"line":78,"column":58},"end":{"line":87,"column":null}},"13":{"start":{"line":90,"column":2},"end":{"line":97,"column":null}},"14":{"start":{"line":91,"column":4},"end":{"line":96,"column":null}},"15":{"start":{"line":92,"column":6},"end":{"line":95,"column":null}},"16":{"start":{"line":94,"column":8},"end":{"line":94,"column":null}},"17":{"start":{"line":100,"column":16},"end":{"line":100,"column":null}},"18":{"start":{"line":101,"column":2},"end":{"line":112,"column":null}},"19":{"start":{"line":102,"column":4},"end":{"line":102,"column":35}},"20":{"start":{"line":102,"column":25},"end":{"line":102,"column":35}},"21":{"start":{"line":104,"column":4},"end":{"line":111,"column":null}},"22":{"start":{"line":105,"column":6},"end":{"line":110,"column":null}},"23":{"start":{"line":106,"column":8},"end":{"line":109,"column":null}},"24":{"start":{"line":108,"column":10},"end":{"line":108,"column":null}},"25":{"start":{"line":115,"column":38},"end":{"line":115,"column":null}},"26":{"start":{"line":116,"column":21},"end":{"line":116,"column":null}},"27":{"start":{"line":118,"column":2},"end":{"line":123,"column":null}},"28":{"start":{"line":119,"column":4},"end":{"line":122,"column":null}},"29":{"start":{"line":120,"column":6},"end":{"line":120,"column":null}},"30":{"start":{"line":121,"column":6},"end":{"line":121,"column":null}},"31":{"start":{"line":126,"column":2},"end":{"line":128,"column":null}},"32":{"start":{"line":127,"column":4},"end":{"line":127,"column":null}},"33":{"start":{"line":131,"column":2},"end":{"line":131,"column":null}},"34":{"start":{"line":133,"column":2},"end":{"line":142,"column":null}},"35":{"start":{"line":144,"column":2},"end":{"line":144,"column":null}},"36":{"start":{"line":151,"column":76},"end":{"line":154,"column":null}},"37":{"start":{"line":183,"column":2},"end":{"line":316,"column":null}},"38":{"start":{"line":185,"column":21},"end":{"line":185,"column":null}},"39":{"start":{"line":188,"column":4},"end":{"line":190,"column":null}},"40":{"start":{"line":189,"column":6},"end":{"line":189,"column":null}},"41":{"start":{"line":192,"column":4},"end":{"line":196,"column":null}},"42":{"start":{"line":193,"column":6},"end":{"line":195,"column":null}},"43":{"start":{"line":199,"column":27},"end":{"line":199,"column":null}},"44":{"start":{"line":200,"column":4},"end":{"line":208,"column":null}},"45":{"start":{"line":201,"column":25},"end":{"line":201,"column":null}},"46":{"start":{"line":201,"column":75},"end":{"line":201,"column":null}},"47":{"start":{"line":202,"column":6},"end":{"line":202,"column":null}},"48":{"start":{"line":202,"column":46},"end":{"line":202,"column":null}},"49":{"start":{"line":205,"column":6},"end":{"line":207,"column":null}},"50":{"start":{"line":206,"column":8},"end":{"line":206,"column":null}},"51":{"start":{"line":210,"column":24},"end":{"line":210,"column":43}},"52":{"start":{"line":212,"column":4},"end":{"line":214,"column":null}},"53":{"start":{"line":213,"column":6},"end":{"line":213,"column":null}},"54":{"start":{"line":217,"column":22},"end":{"line":217,"column":null}},"55":{"start":{"line":218,"column":21},"end":{"line":218,"column":90}},"56":{"start":{"line":221,"column":26},"end":{"line":221,"column":55}},"57":{"start":{"line":224,"column":4},"end":{"line":232,"column":null}},"58":{"start":{"line":225,"column":6},"end":{"line":230,"column":null}},"59":{"start":{"line":231,"column":6},"end":{"line":231,"column":null}},"60":{"start":{"line":234,"column":4},"end":{"line":244,"column":null}},"61":{"start":{"line":246,"column":21},"end":{"line":246,"column":null}},"62":{"start":{"line":249,"column":28},"end":{"line":249,"column":null}},"63":{"start":{"line":250,"column":4},"end":{"line":279,"column":null}},"64":{"start":{"line":251,"column":6},"end":{"line":278,"column":null}},"65":{"start":{"line":254,"column":10},"end":{"line":254,"column":null}},"66":{"start":{"line":255,"column":10},"end":{"line":255,"column":null}},"67":{"start":{"line":258,"column":10},"end":{"line":258,"column":null}},"68":{"start":{"line":259,"column":10},"end":{"line":259,"column":null}},"69":{"start":{"line":262,"column":10},"end":{"line":262,"column":null}},"70":{"start":{"line":263,"column":10},"end":{"line":263,"column":null}},"71":{"start":{"line":266,"column":10},"end":{"line":266,"column":null}},"72":{"start":{"line":267,"column":10},"end":{"line":267,"column":null}},"73":{"start":{"line":271,"column":10},"end":{"line":271,"column":null}},"74":{"start":{"line":272,"column":10},"end":{"line":272,"column":null}},"75":{"start":{"line":276,"column":10},"end":{"line":276,"column":null}},"76":{"start":{"line":277,"column":10},"end":{"line":277,"column":null}},"77":{"start":{"line":282,"column":19},"end":{"line":282,"column":null}},"78":{"start":{"line":285,"column":4},"end":{"line":285,"column":null}},"79":{"start":{"line":288,"column":4},"end":{"line":294,"column":null}},"80":{"start":{"line":290,"column":23},"end":{"line":290,"column":56}},"81":{"start":{"line":291,"column":6},"end":{"line":293,"column":null}},"82":{"start":{"line":292,"column":8},"end":{"line":292,"column":null}},"83":{"start":{"line":295,"column":4},"end":{"line":295,"column":null}},"84":{"start":{"line":297,"column":4},"end":{"line":297,"column":null}},"85":{"start":{"line":300,"column":4},"end":{"line":310,"column":null}},"86":{"start":{"line":313,"column":4},"end":{"line":315,"column":null}},"87":{"start":{"line":328,"column":2},"end":{"line":368,"column":null}},"88":{"start":{"line":330,"column":4},"end":{"line":347,"column":null}},"89":{"start":{"line":332,"column":8},"end":{"line":332,"column":null}},"90":{"start":{"line":334,"column":8},"end":{"line":334,"column":null}},"91":{"start":{"line":336,"column":8},"end":{"line":336,"column":null}},"92":{"start":{"line":338,"column":8},"end":{"line":338,"column":null}},"93":{"start":{"line":340,"column":8},"end":{"line":340,"column":null}},"94":{"start":{"line":342,"column":8},"end":{"line":342,"column":null}},"95":{"start":{"line":344,"column":8},"end":{"line":344,"column":null}},"96":{"start":{"line":346,"column":8},"end":{"line":346,"column":null}},"97":{"start":{"line":350,"column":4},"end":{"line":367,"column":null}},"98":{"start":{"line":352,"column":8},"end":{"line":352,"column":null}},"99":{"start":{"line":354,"column":8},"end":{"line":354,"column":null}},"100":{"start":{"line":356,"column":8},"end":{"line":356,"column":null}},"101":{"start":{"line":358,"column":8},"end":{"line":358,"column":null}},"102":{"start":{"line":360,"column":8},"end":{"line":360,"column":null}},"103":{"start":{"line":362,"column":8},"end":{"line":362,"column":null}},"104":{"start":{"line":364,"column":8},"end":{"line":364,"column":null}},"105":{"start":{"line":366,"column":8},"end":{"line":366,"column":null}},"106":{"start":{"line":379,"column":2},"end":{"line":381,"column":null}},"107":{"start":{"line":380,"column":4},"end":{"line":380,"column":21}},"108":{"start":{"line":383,"column":19},"end":{"line":383,"column":null}},"109":{"start":{"line":386,"column":2},"end":{"line":402,"column":null}},"110":{"start":{"line":387,"column":27},"end":{"line":389,"column":null}},"111":{"start":{"line":391,"column":25},"end":{"line":391,"column":null}},"112":{"start":{"line":392,"column":4},"end":{"line":401,"column":null}},"113":{"start":{"line":393,"column":23},"end":{"line":393,"column":null}},"114":{"start":{"line":393,"column":66},"end":{"line":393,"column":null}},"115":{"start":{"line":394,"column":30},"end":{"line":394,"column":null}},"116":{"start":{"line":396,"column":30},"end":{"line":398,"column":63}},"117":{"start":{"line":400,"column":6},"end":{"line":400,"column":null}},"118":{"start":{"line":405,"column":2},"end":{"line":426,"column":null}},"119":{"start":{"line":406,"column":28},"end":{"line":408,"column":null}},"120":{"start":{"line":410,"column":26},"end":{"line":410,"column":null}},"121":{"start":{"line":411,"column":4},"end":{"line":425,"column":null}},"122":{"start":{"line":412,"column":25},"end":{"line":412,"column":null}},"123":{"start":{"line":412,"column":69},"end":{"line":412,"column":null}},"124":{"start":{"line":413,"column":32},"end":{"line":413,"column":80}},"125":{"start":{"line":416,"column":35},"end":{"line":417,"column":null}},"126":{"start":{"line":417,"column":8},"end":{"line":417,"column":null}},"127":{"start":{"line":420,"column":32},"end":{"line":422,"column":72}},"128":{"start":{"line":424,"column":6},"end":{"line":424,"column":null}},"129":{"start":{"line":429,"column":2},"end":{"line":447,"column":null}},"130":{"start":{"line":432,"column":4},"end":{"line":432,"column":66}},"131":{"start":{"line":435,"column":18},"end":{"line":435,"column":null}},"132":{"start":{"line":436,"column":27},"end":{"line":444,"column":null}},"133":{"start":{"line":437,"column":6},"end":{"line":442,"column":null}},"134":{"start":{"line":439,"column":8},"end":{"line":441,"column":null}},"135":{"start":{"line":440,"column":10},"end":{"line":440,"column":null}},"136":{"start":{"line":443,"column":6},"end":{"line":443,"column":null}},"137":{"start":{"line":446,"column":4},"end":{"line":446,"column":null}},"138":{"start":{"line":449,"column":2},"end":{"line":449,"column":null}},"139":{"start":{"line":467,"column":26},"end":{"line":467,"column":null}},"140":{"start":{"line":470,"column":26},"end":{"line":474,"column":null}},"141":{"start":{"line":477,"column":2},"end":{"line":477,"column":null}},"142":{"start":{"line":477,"column":37},"end":{"line":477,"column":51}},"143":{"start":{"line":479,"column":2},"end":{"line":479,"column":null}},"144":{"start":{"line":480,"column":2},"end":{"line":480,"column":null}},"145":{"start":{"line":480,"column":49},"end":{"line":480,"column":76}},"146":{"start":{"line":483,"column":2},"end":{"line":483,"column":null}},"147":{"start":{"line":493,"column":16},"end":{"line":493,"column":125}},"148":{"start":{"line":495,"column":19},"end":{"line":499,"column":null}},"149":{"start":{"line":501,"column":21},"end":{"line":506,"column":null}},"150":{"start":{"line":508,"column":2},"end":{"line":508,"column":null}},"151":{"start":{"line":518,"column":16},"end":{"line":518,"column":105}},"152":{"start":{"line":521,"column":24},"end":{"line":523,"column":null}},"153":{"start":{"line":525,"column":19},"end":{"line":529,"column":null}},"154":{"start":{"line":531,"column":21},"end":{"line":536,"column":null}},"155":{"start":{"line":538,"column":2},"end":{"line":538,"column":null}},"156":{"start":{"line":548,"column":16},"end":{"line":548,"column":110}},"157":{"start":{"line":551,"column":21},"end":{"line":551,"column":null}},"158":{"start":{"line":551,"column":40},"end":{"line":551,"column":null}},"159":{"start":{"line":553,"column":19},"end":{"line":557,"column":null}},"160":{"start":{"line":559,"column":21},"end":{"line":564,"column":null}},"161":{"start":{"line":566,"column":2},"end":{"line":566,"column":null}},"162":{"start":{"line":576,"column":16},"end":{"line":576,"column":115}},"163":{"start":{"line":579,"column":14},"end":{"line":579,"column":null}},"164":{"start":{"line":580,"column":14},"end":{"line":580,"column":null}},"165":{"start":{"line":582,"column":19},"end":{"line":586,"column":null}},"166":{"start":{"line":588,"column":21},"end":{"line":593,"column":null}},"167":{"start":{"line":595,"column":2},"end":{"line":595,"column":null}},"168":{"start":{"line":605,"column":16},"end":{"line":605,"column":94}},"169":{"start":{"line":608,"column":14},"end":{"line":608,"column":null}},"170":{"start":{"line":609,"column":14},"end":{"line":609,"column":null}},"171":{"start":{"line":610,"column":14},"end":{"line":610,"column":null}},"172":{"start":{"line":612,"column":19},"end":{"line":616,"column":null}},"173":{"start":{"line":618,"column":21},"end":{"line":623,"column":null}},"174":{"start":{"line":625,"column":2},"end":{"line":625,"column":null}},"175":{"start":{"line":635,"column":16},"end":{"line":635,"column":121}},"176":{"start":{"line":638,"column":14},"end":{"line":638,"column":null}},"177":{"start":{"line":639,"column":14},"end":{"line":639,"column":null}},"178":{"start":{"line":641,"column":19},"end":{"line":645,"column":null}},"179":{"start":{"line":647,"column":21},"end":{"line":652,"column":null}},"180":{"start":{"line":654,"column":2},"end":{"line":654,"column":null}},"181":{"start":{"line":664,"column":16},"end":{"line":664,"column":120}},"182":{"start":{"line":667,"column":14},"end":{"line":667,"column":null}},"183":{"start":{"line":668,"column":14},"end":{"line":668,"column":null}},"184":{"start":{"line":670,"column":19},"end":{"line":674,"column":null}},"185":{"start":{"line":676,"column":21},"end":{"line":681,"column":null}},"186":{"start":{"line":683,"column":2},"end":{"line":683,"column":null}},"187":{"start":{"line":693,"column":16},"end":{"line":693,"column":117}},"188":{"start":{"line":696,"column":14},"end":{"line":696,"column":null}},"189":{"start":{"line":697,"column":14},"end":{"line":697,"column":null}},"190":{"start":{"line":699,"column":19},"end":{"line":703,"column":null}},"191":{"start":{"line":705,"column":21},"end":{"line":710,"column":null}},"192":{"start":{"line":712,"column":2},"end":{"line":712,"column":null}},"193":{"start":{"line":730,"column":26},"end":{"line":730,"column":null}},"194":{"start":{"line":733,"column":26},"end":{"line":737,"column":null}},"195":{"start":{"line":740,"column":2},"end":{"line":740,"column":null}},"196":{"start":{"line":740,"column":37},"end":{"line":740,"column":51}},"197":{"start":{"line":742,"column":2},"end":{"line":742,"column":null}},"198":{"start":{"line":743,"column":2},"end":{"line":743,"column":null}},"199":{"start":{"line":743,"column":49},"end":{"line":743,"column":76}},"200":{"start":{"line":746,"column":2},"end":{"line":746,"column":null}},"201":{"start":{"line":756,"column":16},"end":{"line":756,"column":189}},"202":{"start":{"line":759,"column":24},"end":{"line":761,"column":null}},"203":{"start":{"line":763,"column":19},"end":{"line":767,"column":null}},"204":{"start":{"line":769,"column":21},"end":{"line":774,"column":null}},"205":{"start":{"line":776,"column":2},"end":{"line":776,"column":null}},"206":{"start":{"line":786,"column":16},"end":{"line":786,"column":188}},"207":{"start":{"line":789,"column":21},"end":{"line":789,"column":null}},"208":{"start":{"line":789,"column":40},"end":{"line":789,"column":null}},"209":{"start":{"line":791,"column":19},"end":{"line":795,"column":null}},"210":{"start":{"line":797,"column":21},"end":{"line":802,"column":null}},"211":{"start":{"line":804,"column":2},"end":{"line":804,"column":null}},"212":{"start":{"line":814,"column":16},"end":{"line":814,"column":216}},"213":{"start":{"line":816,"column":14},"end":{"line":816,"column":null}},"214":{"start":{"line":817,"column":14},"end":{"line":817,"column":null}},"215":{"start":{"line":819,"column":19},"end":{"line":823,"column":null}},"216":{"start":{"line":825,"column":21},"end":{"line":830,"column":null}},"217":{"start":{"line":832,"column":2},"end":{"line":832,"column":null}},"218":{"start":{"line":842,"column":16},"end":{"line":842,"column":200}},"219":{"start":{"line":844,"column":19},"end":{"line":848,"column":null}},"220":{"start":{"line":850,"column":21},"end":{"line":855,"column":null}},"221":{"start":{"line":857,"column":2},"end":{"line":857,"column":null}},"222":{"start":{"line":867,"column":16},"end":{"line":867,"column":227}},"223":{"start":{"line":869,"column":14},"end":{"line":869,"column":null}},"224":{"start":{"line":870,"column":14},"end":{"line":870,"column":null}},"225":{"start":{"line":872,"column":19},"end":{"line":876,"column":null}},"226":{"start":{"line":878,"column":21},"end":{"line":883,"column":null}},"227":{"start":{"line":885,"column":2},"end":{"line":885,"column":null}},"228":{"start":{"line":895,"column":16},"end":{"line":895,"column":136}},"229":{"start":{"line":897,"column":14},"end":{"line":897,"column":null}},"230":{"start":{"line":898,"column":14},"end":{"line":898,"column":null}},"231":{"start":{"line":899,"column":14},"end":{"line":899,"column":null}},"232":{"start":{"line":901,"column":19},"end":{"line":905,"column":null}},"233":{"start":{"line":907,"column":21},"end":{"line":912,"column":null}},"234":{"start":{"line":914,"column":2},"end":{"line":914,"column":null}},"235":{"start":{"line":924,"column":16},"end":{"line":924,"column":206}},"236":{"start":{"line":926,"column":14},"end":{"line":926,"column":null}},"237":{"start":{"line":927,"column":14},"end":{"line":927,"column":null}},"238":{"start":{"line":929,"column":19},"end":{"line":933,"column":null}},"239":{"start":{"line":935,"column":21},"end":{"line":940,"column":null}},"240":{"start":{"line":942,"column":2},"end":{"line":942,"column":null}},"241":{"start":{"line":952,"column":16},"end":{"line":952,"column":205}},"242":{"start":{"line":954,"column":14},"end":{"line":954,"column":null}},"243":{"start":{"line":955,"column":14},"end":{"line":955,"column":null}},"244":{"start":{"line":957,"column":19},"end":{"line":961,"column":null}},"245":{"start":{"line":963,"column":21},"end":{"line":968,"column":null}},"246":{"start":{"line":970,"column":2},"end":{"line":970,"column":null}}},"fnMap":{"0":{"name":"categorizeKeyword","decl":{"start":{"line":60,"column":16},"end":{"line":60,"column":33}},"loc":{"start":{"line":60,"column":49},"end":{"line":145,"column":null}}},"1":{"name":"generateKeywordAnalysis","decl":{"start":{"line":179,"column":16},"end":{"line":179,"column":39}},"loc":{"start":{"line":181,"column":39},"end":{"line":317,"column":null}}},"2":{"name":"(anonymous_6)","decl":{"start":{"line":201,"column":70},"end":{"line":201,"column":75}},"loc":{"start":{"line":201,"column":75},"end":{"line":201,"column":null}}},"3":{"name":"(anonymous_7)","decl":{"start":{"line":202,"column":41},"end":{"line":202,"column":46}},"loc":{"start":{"line":202,"column":46},"end":{"line":202,"column":null}}},"4":{"name":"generateAnalysisByCategory","decl":{"start":{"line":322,"column":9},"end":{"line":322,"column":null}},"loc":{"start":{"line":326,"column":29},"end":{"line":369,"column":null}}},"5":{"name":"customizeAnalysisForUser","decl":{"start":{"line":374,"column":9},"end":{"line":374,"column":null}},"loc":{"start":{"line":377,"column":29},"end":{"line":450,"column":null}}},"6":{"name":"(anonymous_10)","decl":{"start":{"line":393,"column":58},"end":{"line":393,"column":66}},"loc":{"start":{"line":393,"column":66},"end":{"line":393,"column":null}}},"7":{"name":"(anonymous_11)","decl":{"start":{"line":412,"column":61},"end":{"line":412,"column":69}},"loc":{"start":{"line":412,"column":69},"end":{"line":412,"column":null}}},"8":{"name":"(anonymous_12)","decl":{"start":{"line":416,"column":57},"end":{"line":416,"column":58}},"loc":{"start":{"line":417,"column":8},"end":{"line":417,"column":null}}},"9":{"name":"(anonymous_13)","decl":{"start":{"line":436,"column":37},"end":{"line":436,"column":null}},"loc":{"start":{"line":436,"column":37},"end":{"line":444,"column":null}}},"10":{"name":"buildAnalysisText","decl":{"start":{"line":460,"column":9},"end":{"line":460,"column":null}},"loc":{"start":{"line":464,"column":22},"end":{"line":484,"column":null}}},"11":{"name":"(anonymous_15)","decl":{"start":{"line":477,"column":26},"end":{"line":477,"column":37}},"loc":{"start":{"line":477,"column":37},"end":{"line":477,"column":51}}},"12":{"name":"(anonymous_16)","decl":{"start":{"line":480,"column":28},"end":{"line":480,"column":29}},"loc":{"start":{"line":480,"column":49},"end":{"line":480,"column":76}}},"13":{"name":"generateModelingAnalysis","decl":{"start":{"line":492,"column":9},"end":{"line":492,"column":34}},"loc":{"start":{"line":492,"column":73},"end":{"line":509,"column":null}}},"14":{"name":"generateAIAnalysis","decl":{"start":{"line":517,"column":9},"end":{"line":517,"column":28}},"loc":{"start":{"line":517,"column":67},"end":{"line":539,"column":null}}},"15":{"name":"generateMarketingAnalysis","decl":{"start":{"line":547,"column":9},"end":{"line":547,"column":35}},"loc":{"start":{"line":547,"column":74},"end":{"line":567,"column":null}}},"16":{"name":"(anonymous_20)","decl":{"start":{"line":551,"column":21},"end":{"line":551,"column":22}},"loc":{"start":{"line":551,"column":40},"end":{"line":551,"column":null}}},"17":{"name":"generateDevelopmentAnalysis","decl":{"start":{"line":575,"column":9},"end":{"line":575,"column":37}},"loc":{"start":{"line":575,"column":76},"end":{"line":596,"column":null}}},"18":{"name":"generateGenericAnalysis","decl":{"start":{"line":604,"column":9},"end":{"line":604,"column":33}},"loc":{"start":{"line":604,"column":72},"end":{"line":626,"column":null}}},"19":{"name":"generateEducationalAnalysis","decl":{"start":{"line":634,"column":9},"end":{"line":634,"column":37}},"loc":{"start":{"line":634,"column":76},"end":{"line":655,"column":null}}},"20":{"name":"generateHealthAnalysis","decl":{"start":{"line":663,"column":9},"end":{"line":663,"column":32}},"loc":{"start":{"line":663,"column":71},"end":{"line":684,"column":null}}},"21":{"name":"generateFinanceAnalysis","decl":{"start":{"line":692,"column":9},"end":{"line":692,"column":33}},"loc":{"start":{"line":692,"column":72},"end":{"line":713,"column":null}}},"22":{"name":"buildAnalysisTextEn","decl":{"start":{"line":723,"column":9},"end":{"line":723,"column":null}},"loc":{"start":{"line":727,"column":22},"end":{"line":747,"column":null}}},"23":{"name":"(anonymous_27)","decl":{"start":{"line":740,"column":26},"end":{"line":740,"column":37}},"loc":{"start":{"line":740,"column":37},"end":{"line":740,"column":51}}},"24":{"name":"(anonymous_28)","decl":{"start":{"line":743,"column":28},"end":{"line":743,"column":29}},"loc":{"start":{"line":743,"column":49},"end":{"line":743,"column":76}}},"25":{"name":"generateAIAnalysisEn","decl":{"start":{"line":755,"column":9},"end":{"line":755,"column":30}},"loc":{"start":{"line":755,"column":69},"end":{"line":777,"column":null}}},"26":{"name":"generateMarketingAnalysisEn","decl":{"start":{"line":785,"column":9},"end":{"line":785,"column":37}},"loc":{"start":{"line":785,"column":76},"end":{"line":805,"column":null}}},"27":{"name":"(anonymous_31)","decl":{"start":{"line":789,"column":21},"end":{"line":789,"column":22}},"loc":{"start":{"line":789,"column":40},"end":{"line":789,"column":null}}},"28":{"name":"generateDevelopmentAnalysisEn","decl":{"start":{"line":813,"column":9},"end":{"line":813,"column":39}},"loc":{"start":{"line":813,"column":78},"end":{"line":833,"column":null}}},"29":{"name":"generateModelingAnalysisEn","decl":{"start":{"line":841,"column":9},"end":{"line":841,"column":36}},"loc":{"start":{"line":841,"column":75},"end":{"line":858,"column":null}}},"30":{"name":"generateEducationalAnalysisEn","decl":{"start":{"line":866,"column":9},"end":{"line":866,"column":39}},"loc":{"start":{"line":866,"column":78},"end":{"line":886,"column":null}}},"31":{"name":"generateGenericAnalysisEn","decl":{"start":{"line":894,"column":9},"end":{"line":894,"column":35}},"loc":{"start":{"line":894,"column":74},"end":{"line":915,"column":null}}},"32":{"name":"generateHealthAnalysisEn","decl":{"start":{"line":923,"column":9},"end":{"line":923,"column":34}},"loc":{"start":{"line":923,"column":73},"end":{"line":943,"column":null}}},"33":{"name":"generateFinanceAnalysisEn","decl":{"start":{"line":951,"column":9},"end":{"line":951,"column":35}},"loc":{"start":{"line":951,"column":74},"end":{"line":971,"column":null}}}},"branchMap":{"0":{"loc":{"start":{"line":61,"column":2},"end":{"line":68,"column":null}},"type":"if","locations":[{"start":{"line":61,"column":2},"end":{"line":68,"column":null}}]},"1":{"loc":{"start":{"line":72,"column":2},"end":{"line":75,"column":null}},"type":"if","locations":[{"start":{"line":72,"column":2},"end":{"line":75,"column":null}}]},"2":{"loc":{"start":{"line":92,"column":6},"end":{"line":95,"column":null}},"type":"if","locations":[{"start":{"line":92,"column":6},"end":{"line":95,"column":null}}]},"3":{"loc":{"start":{"line":102,"column":4},"end":{"line":102,"column":35}},"type":"if","locations":[{"start":{"line":102,"column":4},"end":{"line":102,"column":35}}]},"4":{"loc":{"start":{"line":106,"column":8},"end":{"line":109,"column":null}},"type":"if","locations":[{"start":{"line":106,"column":8},"end":{"line":109,"column":null}}]},"5":{"loc":{"start":{"line":119,"column":4},"end":{"line":122,"column":null}},"type":"if","locations":[{"start":{"line":119,"column":4},"end":{"line":122,"column":null}}]},"6":{"loc":{"start":{"line":126,"column":2},"end":{"line":128,"column":null}},"type":"if","locations":[{"start":{"line":126,"column":2},"end":{"line":128,"column":null}}]},"7":{"loc":{"start":{"line":181,"column":2},"end":{"line":181,"column":39}},"type":"default-arg","locations":[{"start":{"line":181,"column":37},"end":{"line":181,"column":39}}]},"8":{"loc":{"start":{"line":185,"column":21},"end":{"line":185,"column":null}},"type":"binary-expr","locations":[{"start":{"line":185,"column":21},"end":{"line":185,"column":45}},{"start":{"line":185,"column":49},"end":{"line":185,"column":null}}]},"9":{"loc":{"start":{"line":188,"column":4},"end":{"line":190,"column":null}},"type":"if","locations":[{"start":{"line":188,"column":4},"end":{"line":190,"column":null}}]},"10":{"loc":{"start":{"line":188,"column":8},"end":{"line":188,"column":47}},"type":"binary-expr","locations":[{"start":{"line":188,"column":8},"end":{"line":188,"column":21}},{"start":{"line":188,"column":21},"end":{"line":188,"column":47}}]},"11":{"loc":{"start":{"line":192,"column":4},"end":{"line":196,"column":null}},"type":"if","locations":[{"start":{"line":192,"column":4},"end":{"line":196,"column":null}}]},"12":{"loc":{"start":{"line":193,"column":13},"end":{"line":195,"column":null}},"type":"cond-expr","locations":[{"start":{"line":194,"column":10},"end":{"line":194,"column":null}},{"start":{"line":195,"column":10},"end":{"line":195,"column":null}}]},"13":{"loc":{"start":{"line":200,"column":4},"end":{"line":208,"column":null}},"type":"if","locations":[{"start":{"line":200,"column":4},"end":{"line":208,"column":null}}]},"14":{"loc":{"start":{"line":205,"column":6},"end":{"line":207,"column":null}},"type":"if","locations":[{"start":{"line":205,"column":6},"end":{"line":207,"column":null}}]},"15":{"loc":{"start":{"line":212,"column":4},"end":{"line":214,"column":null}},"type":"if","locations":[{"start":{"line":212,"column":4},"end":{"line":214,"column":null}}]},"16":{"loc":{"start":{"line":212,"column":8},"end":{"line":212,"column":57}},"type":"binary-expr","locations":[{"start":{"line":212,"column":8},"end":{"line":212,"column":24}},{"start":{"line":212,"column":24},"end":{"line":212,"column":57}}]},"17":{"loc":{"start":{"line":224,"column":4},"end":{"line":232,"column":null}},"type":"if","locations":[{"start":{"line":224,"column":4},"end":{"line":232,"column":null}}]},"18":{"loc":{"start":{"line":250,"column":4},"end":{"line":279,"column":null}},"type":"if","locations":[{"start":{"line":250,"column":4},"end":{"line":279,"column":null}}]},"19":{"loc":{"start":{"line":251,"column":6},"end":{"line":278,"column":null}},"type":"switch","locations":[{"start":{"line":252,"column":8},"end":{"line":252,"column":null}},{"start":{"line":253,"column":8},"end":{"line":255,"column":null}},{"start":{"line":256,"column":8},"end":{"line":256,"column":null}},{"start":{"line":257,"column":8},"end":{"line":259,"column":null}},{"start":{"line":260,"column":8},"end":{"line":260,"column":null}},{"start":{"line":261,"column":8},"end":{"line":263,"column":null}},{"start":{"line":264,"column":8},"end":{"line":264,"column":null}},{"start":{"line":265,"column":8},"end":{"line":267,"column":null}},{"start":{"line":268,"column":8},"end":{"line":268,"column":null}},{"start":{"line":269,"column":8},"end":{"line":269,"column":null}},{"start":{"line":270,"column":8},"end":{"line":272,"column":null}},{"start":{"line":273,"column":8},"end":{"line":273,"column":null}},{"start":{"line":274,"column":8},"end":{"line":274,"column":null}},{"start":{"line":275,"column":8},"end":{"line":277,"column":null}}]},"20":{"loc":{"start":{"line":288,"column":4},"end":{"line":294,"column":null}},"type":"if","locations":[{"start":{"line":288,"column":4},"end":{"line":294,"column":null}}]},"21":{"loc":{"start":{"line":291,"column":6},"end":{"line":293,"column":null}},"type":"if","locations":[{"start":{"line":291,"column":6},"end":{"line":293,"column":null}}]},"22":{"loc":{"start":{"line":304,"column":22},"end":{"line":304,"column":null}},"type":"binary-expr","locations":[{"start":{"line":304,"column":22},"end":{"line":304,"column":42}},{"start":{"line":304,"column":42},"end":{"line":304,"column":null}}]},"23":{"loc":{"start":{"line":305,"column":22},"end":{"line":305,"column":null}},"type":"binary-expr","locations":[{"start":{"line":305,"column":22},"end":{"line":305,"column":35}},{"start":{"line":305,"column":39},"end":{"line":305,"column":null}}]},"24":{"loc":{"start":{"line":306,"column":18},"end":{"line":306,"column":null}},"type":"binary-expr","locations":[{"start":{"line":306,"column":18},"end":{"line":306,"column":42}},{"start":{"line":306,"column":46},"end":{"line":306,"column":null}}]},"25":{"loc":{"start":{"line":313,"column":11},"end":{"line":315,"column":null}},"type":"cond-expr","locations":[{"start":{"line":314,"column":8},"end":{"line":314,"column":null}},{"start":{"line":315,"column":8},"end":{"line":315,"column":null}}]},"26":{"loc":{"start":{"line":328,"column":2},"end":{"line":368,"column":null}},"type":"if","locations":[{"start":{"line":328,"column":2},"end":{"line":368,"column":null}},{"start":{"line":348,"column":9},"end":{"line":368,"column":null}}]},"27":{"loc":{"start":{"line":330,"column":4},"end":{"line":347,"column":null}},"type":"switch","locations":[{"start":{"line":331,"column":6},"end":{"line":332,"column":null}},{"start":{"line":333,"column":6},"end":{"line":334,"column":null}},{"start":{"line":335,"column":6},"end":{"line":336,"column":null}},{"start":{"line":337,"column":6},"end":{"line":338,"column":null}},{"start":{"line":339,"column":6},"end":{"line":340,"column":null}},{"start":{"line":341,"column":6},"end":{"line":342,"column":null}},{"start":{"line":343,"column":6},"end":{"line":344,"column":null}},{"start":{"line":345,"column":6},"end":{"line":346,"column":null}}]},"28":{"loc":{"start":{"line":350,"column":4},"end":{"line":367,"column":null}},"type":"switch","locations":[{"start":{"line":351,"column":6},"end":{"line":352,"column":null}},{"start":{"line":353,"column":6},"end":{"line":354,"column":null}},{"start":{"line":355,"column":6},"end":{"line":356,"column":null}},{"start":{"line":357,"column":6},"end":{"line":358,"column":null}},{"start":{"line":359,"column":6},"end":{"line":360,"column":null}},{"start":{"line":361,"column":6},"end":{"line":362,"column":null}},{"start":{"line":363,"column":6},"end":{"line":364,"column":null}},{"start":{"line":365,"column":6},"end":{"line":366,"column":null}}]},"29":{"loc":{"start":{"line":379,"column":2},"end":{"line":381,"column":null}},"type":"if","locations":[{"start":{"line":379,"column":2},"end":{"line":381,"column":null}}]},"30":{"loc":{"start":{"line":379,"column":6},"end":{"line":379,"column":61}},"type":"binary-expr","locations":[{"start":{"line":379,"column":6},"end":{"line":379,"column":22}},{"start":{"line":379,"column":22},"end":{"line":379,"column":61}}]},"31":{"loc":{"start":{"line":386,"column":2},"end":{"line":402,"column":null}},"type":"if","locations":[{"start":{"line":386,"column":2},"end":{"line":402,"column":null}}]},"32":{"loc":{"start":{"line":386,"column":6},"end":{"line":386,"column":78}},"type":"binary-expr","locations":[{"start":{"line":386,"column":6},"end":{"line":386,"column":48}},{"start":{"line":386,"column":48},"end":{"line":386,"column":78}}]},"33":{"loc":{"start":{"line":387,"column":27},"end":{"line":389,"column":null}},"type":"cond-expr","locations":[{"start":{"line":388,"column":8},"end":{"line":388,"column":null}},{"start":{"line":389,"column":8},"end":{"line":389,"column":null}}]},"34":{"loc":{"start":{"line":392,"column":4},"end":{"line":401,"column":null}},"type":"if","locations":[{"start":{"line":392,"column":4},"end":{"line":401,"column":null}}]},"35":{"loc":{"start":{"line":396,"column":30},"end":{"line":398,"column":63}},"type":"cond-expr","locations":[{"start":{"line":397,"column":10},"end":{"line":397,"column":58}},{"start":{"line":398,"column":10},"end":{"line":398,"column":63}}]},"36":{"loc":{"start":{"line":405,"column":2},"end":{"line":426,"column":null}},"type":"if","locations":[{"start":{"line":405,"column":2},"end":{"line":426,"column":null}}]},"37":{"loc":{"start":{"line":405,"column":6},"end":{"line":405,"column":80}},"type":"binary-expr","locations":[{"start":{"line":405,"column":6},"end":{"line":405,"column":49}},{"start":{"line":405,"column":49},"end":{"line":405,"column":80}}]},"38":{"loc":{"start":{"line":406,"column":28},"end":{"line":408,"column":null}},"type":"cond-expr","locations":[{"start":{"line":407,"column":8},"end":{"line":407,"column":null}},{"start":{"line":408,"column":8},"end":{"line":408,"column":null}}]},"39":{"loc":{"start":{"line":411,"column":4},"end":{"line":425,"column":null}},"type":"if","locations":[{"start":{"line":411,"column":4},"end":{"line":425,"column":null}}]},"40":{"loc":{"start":{"line":420,"column":32},"end":{"line":422,"column":72}},"type":"cond-expr","locations":[{"start":{"line":421,"column":10},"end":{"line":421,"column":65}},{"start":{"line":422,"column":10},"end":{"line":422,"column":72}}]},"41":{"loc":{"start":{"line":429,"column":2},"end":{"line":447,"column":null}},"type":"if","locations":[{"start":{"line":429,"column":2},"end":{"line":447,"column":null}}]},"42":{"loc":{"start":{"line":437,"column":6},"end":{"line":442,"column":null}},"type":"if","locations":[{"start":{"line":437,"column":6},"end":{"line":442,"column":null}}]},"43":{"loc":{"start":{"line":437,"column":10},"end":{"line":437,"column":56}},"type":"binary-expr","locations":[{"start":{"line":437,"column":10},"end":{"line":437,"column":35}},{"start":{"line":437,"column":35},"end":{"line":437,"column":56}}]},"44":{"loc":{"start":{"line":439,"column":8},"end":{"line":441,"column":null}},"type":"if","locations":[{"start":{"line":439,"column":8},"end":{"line":441,"column":null}}]},"45":{"loc":{"start":{"line":467,"column":27},"end":{"line":467,"column":43}},"type":"binary-expr","locations":[{"start":{"line":467,"column":27},"end":{"line":467,"column":42}},{"start":{"line":467,"column":42},"end":{"line":467,"column":43}}]},"46":{"loc":{"start":{"line":521,"column":24},"end":{"line":523,"column":null}},"type":"cond-expr","locations":[{"start":{"line":522,"column":6},"end":{"line":522,"column":17}},{"start":{"line":523,"column":6},"end":{"line":523,"column":null}}]},"47":{"loc":{"start":{"line":551,"column":40},"end":{"line":551,"column":null}},"type":"cond-expr","locations":[{"start":{"line":551,"column":66},"end":{"line":551,"column":81}},{"start":{"line":551,"column":84},"end":{"line":551,"column":null}}]},"48":{"loc":{"start":{"line":579,"column":14},"end":{"line":579,"column":null}},"type":"cond-expr","locations":[{"start":{"line":579,"column":36},"end":{"line":579,"column":47}},{"start":{"line":579,"column":50},"end":{"line":579,"column":null}}]},"49":{"loc":{"start":{"line":580,"column":14},"end":{"line":580,"column":null}},"type":"cond-expr","locations":[{"start":{"line":580,"column":36},"end":{"line":580,"column":47}},{"start":{"line":580,"column":50},"end":{"line":580,"column":null}}]},"50":{"loc":{"start":{"line":608,"column":14},"end":{"line":608,"column":null}},"type":"cond-expr","locations":[{"start":{"line":608,"column":36},"end":{"line":608,"column":47}},{"start":{"line":608,"column":50},"end":{"line":608,"column":null}}]},"51":{"loc":{"start":{"line":609,"column":14},"end":{"line":609,"column":null}},"type":"cond-expr","locations":[{"start":{"line":609,"column":36},"end":{"line":609,"column":47}},{"start":{"line":609,"column":50},"end":{"line":609,"column":null}}]},"52":{"loc":{"start":{"line":610,"column":14},"end":{"line":610,"column":null}},"type":"cond-expr","locations":[{"start":{"line":610,"column":36},"end":{"line":610,"column":47}},{"start":{"line":610,"column":50},"end":{"line":610,"column":null}}]},"53":{"loc":{"start":{"line":638,"column":14},"end":{"line":638,"column":null}},"type":"cond-expr","locations":[{"start":{"line":638,"column":36},"end":{"line":638,"column":47}},{"start":{"line":638,"column":50},"end":{"line":638,"column":null}}]},"54":{"loc":{"start":{"line":639,"column":14},"end":{"line":639,"column":null}},"type":"cond-expr","locations":[{"start":{"line":639,"column":36},"end":{"line":639,"column":47}},{"start":{"line":639,"column":50},"end":{"line":639,"column":null}}]},"55":{"loc":{"start":{"line":667,"column":14},"end":{"line":667,"column":null}},"type":"cond-expr","locations":[{"start":{"line":667,"column":36},"end":{"line":667,"column":47}},{"start":{"line":667,"column":50},"end":{"line":667,"column":null}}]},"56":{"loc":{"start":{"line":668,"column":14},"end":{"line":668,"column":null}},"type":"cond-expr","locations":[{"start":{"line":668,"column":36},"end":{"line":668,"column":47}},{"start":{"line":668,"column":50},"end":{"line":668,"column":null}}]},"57":{"loc":{"start":{"line":696,"column":14},"end":{"line":696,"column":null}},"type":"cond-expr","locations":[{"start":{"line":696,"column":36},"end":{"line":696,"column":47}},{"start":{"line":696,"column":50},"end":{"line":696,"column":null}}]},"58":{"loc":{"start":{"line":697,"column":14},"end":{"line":697,"column":null}},"type":"cond-expr","locations":[{"start":{"line":697,"column":36},"end":{"line":697,"column":47}},{"start":{"line":697,"column":50},"end":{"line":697,"column":null}}]},"59":{"loc":{"start":{"line":730,"column":27},"end":{"line":730,"column":43}},"type":"binary-expr","locations":[{"start":{"line":730,"column":27},"end":{"line":730,"column":42}},{"start":{"line":730,"column":42},"end":{"line":730,"column":43}}]},"60":{"loc":{"start":{"line":759,"column":24},"end":{"line":761,"column":null}},"type":"cond-expr","locations":[{"start":{"line":760,"column":6},"end":{"line":760,"column":17}},{"start":{"line":761,"column":6},"end":{"line":761,"column":null}}]},"61":{"loc":{"start":{"line":789,"column":40},"end":{"line":789,"column":null}},"type":"cond-expr","locations":[{"start":{"line":789,"column":66},"end":{"line":789,"column":81}},{"start":{"line":789,"column":84},"end":{"line":789,"column":null}}]},"62":{"loc":{"start":{"line":816,"column":14},"end":{"line":816,"column":null}},"type":"cond-expr","locations":[{"start":{"line":816,"column":36},"end":{"line":816,"column":47}},{"start":{"line":816,"column":50},"end":{"line":816,"column":null}}]},"63":{"loc":{"start":{"line":817,"column":14},"end":{"line":817,"column":null}},"type":"cond-expr","locations":[{"start":{"line":817,"column":36},"end":{"line":817,"column":47}},{"start":{"line":817,"column":50},"end":{"line":817,"column":null}}]},"64":{"loc":{"start":{"line":869,"column":14},"end":{"line":869,"column":null}},"type":"cond-expr","locations":[{"start":{"line":869,"column":36},"end":{"line":869,"column":47}},{"start":{"line":869,"column":50},"end":{"line":869,"column":null}}]},"65":{"loc":{"start":{"line":870,"column":14},"end":{"line":870,"column":null}},"type":"cond-expr","locations":[{"start":{"line":870,"column":36},"end":{"line":870,"column":47}},{"start":{"line":870,"column":50},"end":{"line":870,"column":null}}]},"66":{"loc":{"start":{"line":897,"column":14},"end":{"line":897,"column":null}},"type":"cond-expr","locations":[{"start":{"line":897,"column":36},"end":{"line":897,"column":47}},{"start":{"line":897,"column":50},"end":{"line":897,"column":null}}]},"67":{"loc":{"start":{"line":898,"column":14},"end":{"line":898,"column":null}},"type":"cond-expr","locations":[{"start":{"line":898,"column":36},"end":{"line":898,"column":47}},{"start":{"line":898,"column":50},"end":{"line":898,"column":null}}]},"68":{"loc":{"start":{"line":899,"column":14},"end":{"line":899,"column":null}},"type":"cond-expr","locations":[{"start":{"line":899,"column":36},"end":{"line":899,"column":47}},{"start":{"line":899,"column":50},"end":{"line":899,"column":null}}]},"69":{"loc":{"start":{"line":926,"column":14},"end":{"line":926,"column":null}},"type":"cond-expr","locations":[{"start":{"line":926,"column":36},"end":{"line":926,"column":47}},{"start":{"line":926,"column":50},"end":{"line":926,"column":null}}]},"70":{"loc":{"start":{"line":927,"column":14},"end":{"line":927,"column":null}},"type":"cond-expr","locations":[{"start":{"line":927,"column":36},"end":{"line":927,"column":47}},{"start":{"line":927,"column":50},"end":{"line":927,"column":null}}]},"71":{"loc":{"start":{"line":954,"column":14},"end":{"line":954,"column":null}},"type":"cond-expr","locations":[{"start":{"line":954,"column":36},"end":{"line":954,"column":47}},{"start":{"line":954,"column":50},"end":{"line":954,"column":null}}]},"72":{"loc":{"start":{"line":955,"column":14},"end":{"line":955,"column":null}},"type":"cond-expr","locations":[{"start":{"line":955,"column":36},"end":{"line":955,"column":47}},{"start":{"line":955,"column":50},"end":{"line":955,"column":null}}]}},"s":{"0":21,"1":5,"2":1,"3":1,"4":1,"5":24,"6":3,"7":3,"8":21,"9":21,"10":2,"11":2,"12":19,"13":19,"14":133,"15":133,"16":14,"17":19,"18":19,"19":25,"20":3,"21":22,"22":154,"23":154,"24":16,"25":19,"26":19,"27":19,"28":152,"29":14,"30":14,"31":19,"32":5,"33":19,"34":19,"35":19,"36":1,"37":5,"38":5,"39":5,"40":1,"41":4,"42":1,"43":3,"44":3,"45":0,"46":0,"47":0,"48":0,"49":0,"50":0,"51":3,"52":3,"53":0,"54":3,"55":3,"56":3,"57":3,"58":0,"59":0,"60":3,"61":3,"62":3,"63":3,"64":0,"65":0,"66":0,"67":0,"68":0,"69":0,"70":0,"71":0,"72":0,"73":0,"74":0,"75":0,"76":0,"77":3,"78":3,"79":3,"80":0,"81":0,"82":0,"83":3,"84":3,"85":1,"86":1,"87":3,"88":2,"89":0,"90":2,"91":0,"92":0,"93":0,"94":0,"95":0,"96":0,"97":1,"98":0,"99":0,"100":0,"101":0,"102":0,"103":0,"104":0,"105":1,"106":3,"107":1,"108":2,"109":2,"110":1,"111":1,"112":1,"113":1,"114":4,"115":1,"116":1,"117":1,"118":2,"119":1,"120":1,"121":1,"122":1,"123":4,"124":1,"125":1,"126":1,"127":1,"128":1,"129":2,"130":1,"131":1,"132":1,"133":13,"134":3,"135":1,"136":12,"137":1,"138":2,"139":2,"140":2,"141":2,"142":6,"143":2,"144":2,"145":8,"146":2,"147":0,"148":0,"149":0,"150":0,"151":2,"152":2,"153":2,"154":2,"155":2,"156":0,"157":0,"158":0,"159":0,"160":0,"161":0,"162":0,"163":0,"164":0,"165":0,"166":0,"167":0,"168":0,"169":0,"170":0,"171":0,"172":0,"173":0,"174":0,"175":0,"176":0,"177":0,"178":0,"179":0,"180":0,"181":0,"182":0,"183":0,"184":0,"185":0,"186":0,"187":0,"188":0,"189":0,"190":0,"191":0,"192":0,"193":1,"194":1,"195":1,"196":3,"197":1,"198":1,"199":4,"200":1,"201":0,"202":0,"203":0,"204":0,"205":0,"206":0,"207":0,"208":0,"209":0,"210":0,"211":0,"212":0,"213":0,"214":0,"215":0,"216":0,"217":0,"218":0,"219":0,"220":0,"221":0,"222":0,"223":0,"224":0,"225":0,"226":0,"227":0,"228":1,"229":1,"230":1,"231":1,"232":1,"233":1,"234":1,"235":0,"236":0,"237":0,"238":0,"239":0,"240":0,"241":0,"242":0,"243":0,"244":0,"245":0,"246":0},"f":{"0":24,"1":5,"2":0,"3":0,"4":3,"5":3,"6":4,"7":4,"8":1,"9":13,"10":2,"11":6,"12":8,"13":0,"14":2,"15":0,"16":0,"17":0,"18":0,"19":0,"20":0,"21":0,"22":1,"23":3,"24":4,"25":0,"26":0,"27":0,"28":0,"29":0,"30":0,"31":1,"32":0,"33":0},"b":{"0":[3],"1":[2],"2":[14],"3":[3],"4":[16],"5":[14],"6":[5],"7":[3],"8":[5,4],"9":[1],"10":[5,5],"11":[1],"12":[1,0],"13":[0],"14":[0],"15":[0],"16":[3,3],"17":[0],"18":[0],"19":[0,0,0,0,0,0,0,0,0,0,0,0,0,0],"20":[0],"21":[0],"22":[1,0],"23":[1,0],"24":[1,1],"25":[0,1],"26":[2,1],"27":[0,2,0,0,0,0,0,0],"28":[0,0,0,0,0,0,0,1],"29":[1],"30":[3,3],"31":[1],"32":[2,1],"33":[1,0],"34":[1],"35":[1,0],"36":[1],"37":[2,1],"38":[1,0],"39":[1],"40":[1,0],"41":[1],"42":[3],"43":[13,11],"44":[1],"45":[2,0],"46":[2,0],"47":[0,0],"48":[0,0],"49":[0,0],"50":[0,0],"51":[0,0],"52":[0,0],"53":[0,0],"54":[0,0],"55":[0,0],"56":[0,0],"57":[0,0],"58":[0,0],"59":[1,0],"60":[0,0],"61":[0,0],"62":[0,0],"63":[0,0],"64":[0,0],"65":[0,0],"66":[1,0],"67":[1,0],"68":[1,0],"69":[0,0],"70":[0,0],"71":[0,0],"72":[0,0]}}
}
