TN:
SF:app\lib\rag_engine.ts
FN:60,categorizeKeyword
FN:179,generateKeywordAnalysis
FN:201,(anonymous_6)
FN:202,(anonymous_7)
FN:322,generateAnalysisByCategory
FN:374,customizeAnalysisForUser
FN:393,(anonymous_10)
FN:412,(anonymous_11)
FN:416,(anonymous_12)
FN:436,(anonymous_13)
FN:460,buildAnalysisText
FN:477,(anonymous_15)
FN:480,(anonymous_16)
FN:492,generateModelingAnalysis
FN:517,generateAIAnalysis
FN:547,generateMarketingAnalysis
FN:551,(anonymous_20)
FN:575,generateDevelopmentAnalysis
FN:604,generateGenericAnalysis
FN:634,generateEducationalAnalysis
FN:663,generateHealthAnalysis
FN:692,generateFinanceAnalysis
FN:723,buildAnalysisTextEn
FN:740,(anonymous_27)
FN:743,(anonymous_28)
FN:755,generateAIAnalysisEn
FN:785,generateMarketingAnalysisEn
FN:789,(anonymous_31)
FN:813,generateDevelopmentAnalysisEn
FN:841,generateModelingAnalysisEn
FN:866,generateEducationalAnalysisEn
FN:894,generateGenericAnalysisEn
FN:923,generateHealthAnalysisEn
FN:951,generateFinanceAnalysisEn
FNF:34
FNH:16
FNDA:24,categorizeKeyword
FNDA:5,generateKeywordAnalysis
FNDA:0,(anonymous_6)
FNDA:0,(anonymous_7)
FNDA:3,generateAnalysisByCategory
FNDA:3,customizeAnalysisForUser
FNDA:4,(anonymous_10)
FNDA:4,(anonymous_11)
FNDA:1,(anonymous_12)
FNDA:13,(anonymous_13)
FNDA:2,buildAnalysisText
FNDA:6,(anonymous_15)
FNDA:8,(anonymous_16)
FNDA:0,generateModelingAnalysis
FNDA:2,generateAIAnalysis
FNDA:0,generateMarketingAnalysis
FNDA:0,(anonymous_20)
FNDA:0,generateDevelopmentAnalysis
FNDA:0,generateGenericAnalysis
FNDA:0,generateEducationalAnalysis
FNDA:0,generateHealthAnalysis
FNDA:0,generateFinanceAnalysis
FNDA:1,buildAnalysisTextEn
FNDA:3,(anonymous_27)
FNDA:4,(anonymous_28)
FNDA:0,generateAIAnalysisEn
FNDA:0,generateMarketingAnalysisEn
FNDA:0,(anonymous_31)
FNDA:0,generateDevelopmentAnalysisEn
FNDA:0,generateModelingAnalysisEn
FNDA:0,generateEducationalAnalysisEn
FNDA:1,generateGenericAnalysisEn
FNDA:0,generateHealthAnalysisEn
FNDA:0,generateFinanceAnalysisEn
DA:8,1
DA:28,1
DA:53,1
DA:60,21
DA:61,24
DA:62,3
DA:67,3
DA:71,21
DA:72,21
DA:73,2
DA:74,2
DA:78,19
DA:90,19
DA:91,133
DA:92,133
DA:94,14
DA:100,19
DA:101,19
DA:102,25
DA:104,22
DA:105,154
DA:106,154
DA:108,16
DA:115,19
DA:116,19
DA:118,19
DA:119,152
DA:120,14
DA:121,14
DA:126,19
DA:127,5
DA:131,19
DA:133,19
DA:144,19
DA:151,1
DA:179,5
DA:183,5
DA:185,5
DA:188,5
DA:189,1
DA:192,4
DA:193,1
DA:199,3
DA:200,3
DA:201,0
DA:202,0
DA:205,0
DA:206,0
DA:210,3
DA:212,3
DA:213,0
DA:217,3
DA:218,3
DA:221,3
DA:224,3
DA:225,0
DA:231,0
DA:234,3
DA:246,3
DA:249,3
DA:250,3
DA:251,0
DA:254,0
DA:255,0
DA:258,0
DA:259,0
DA:262,0
DA:263,0
DA:266,0
DA:267,0
DA:271,0
DA:272,0
DA:276,0
DA:277,0
DA:282,3
DA:285,3
DA:288,3
DA:290,0
DA:291,0
DA:292,0
DA:295,3
DA:297,3
DA:300,1
DA:313,1
DA:328,3
DA:330,2
DA:332,0
DA:334,2
DA:336,0
DA:338,0
DA:340,0
DA:342,0
DA:344,0
DA:346,0
DA:350,1
DA:352,0
DA:354,0
DA:356,0
DA:358,0
DA:360,0
DA:362,0
DA:364,0
DA:366,1
DA:379,3
DA:380,1
DA:383,2
DA:386,2
DA:387,1
DA:391,1
DA:392,1
DA:393,4
DA:394,1
DA:396,1
DA:400,1
DA:405,2
DA:406,1
DA:410,1
DA:411,1
DA:412,4
DA:413,1
DA:416,1
DA:417,1
DA:420,1
DA:424,1
DA:429,2
DA:432,1
DA:435,1
DA:436,1
DA:437,13
DA:439,3
DA:440,1
DA:443,12
DA:446,1
DA:449,2
DA:467,2
DA:470,2
DA:477,6
DA:479,2
DA:480,8
DA:483,2
DA:493,0
DA:495,0
DA:501,0
DA:508,0
DA:518,2
DA:521,2
DA:525,2
DA:531,2
DA:538,2
DA:548,0
DA:551,0
DA:553,0
DA:559,0
DA:566,0
DA:576,0
DA:579,0
DA:580,0
DA:582,0
DA:588,0
DA:595,0
DA:605,0
DA:608,0
DA:609,0
DA:610,0
DA:612,0
DA:618,0
DA:625,0
DA:635,0
DA:638,0
DA:639,0
DA:641,0
DA:647,0
DA:654,0
DA:664,0
DA:667,0
DA:668,0
DA:670,0
DA:676,0
DA:683,0
DA:693,0
DA:696,0
DA:697,0
DA:699,0
DA:705,0
DA:712,0
DA:730,1
DA:733,1
DA:740,3
DA:742,1
DA:743,4
DA:746,1
DA:756,0
DA:759,0
DA:763,0
DA:769,0
DA:776,0
DA:786,0
DA:789,0
DA:791,0
DA:797,0
DA:804,0
DA:814,0
DA:816,0
DA:817,0
DA:819,0
DA:825,0
DA:832,0
DA:842,0
DA:844,0
DA:850,0
DA:857,0
DA:867,0
DA:869,0
DA:870,0
DA:872,0
DA:878,0
DA:885,0
DA:895,1
DA:897,1
DA:898,1
DA:899,1
DA:901,1
DA:907,1
DA:914,1
DA:924,0
DA:926,0
DA:927,0
DA:929,0
DA:935,0
DA:942,0
DA:952,0
DA:954,0
DA:955,0
DA:957,0
DA:963,0
DA:970,0
LF:236
LH:121
BRDA:61,0,0,3
BRDA:72,1,0,2
BRDA:92,2,0,14
BRDA:102,3,0,3
BRDA:106,4,0,16
BRDA:119,5,0,14
BRDA:126,6,0,5
BRDA:181,7,0,3
BRDA:185,8,0,5
BRDA:185,8,1,4
BRDA:188,9,0,1
BRDA:188,10,0,5
BRDA:188,10,1,5
BRDA:192,11,0,1
BRDA:193,12,0,1
BRDA:193,12,1,0
BRDA:200,13,0,0
BRDA:205,14,0,0
BRDA:212,15,0,0
BRDA:212,16,0,3
BRDA:212,16,1,3
BRDA:224,17,0,0
BRDA:250,18,0,0
BRDA:251,19,0,0
BRDA:251,19,1,0
BRDA:251,19,2,0
BRDA:251,19,3,0
BRDA:251,19,4,0
BRDA:251,19,5,0
BRDA:251,19,6,0
BRDA:251,19,7,0
BRDA:251,19,8,0
BRDA:251,19,9,0
BRDA:251,19,10,0
BRDA:251,19,11,0
BRDA:251,19,12,0
BRDA:251,19,13,0
BRDA:288,20,0,0
BRDA:291,21,0,0
BRDA:304,22,0,1
BRDA:304,22,1,0
BRDA:305,23,0,1
BRDA:305,23,1,0
BRDA:306,24,0,1
BRDA:306,24,1,1
BRDA:313,25,0,0
BRDA:313,25,1,1
BRDA:328,26,0,2
BRDA:328,26,1,1
BRDA:330,27,0,0
BRDA:330,27,1,2
BRDA:330,27,2,0
BRDA:330,27,3,0
BRDA:330,27,4,0
BRDA:330,27,5,0
BRDA:330,27,6,0
BRDA:330,27,7,0
BRDA:350,28,0,0
BRDA:350,28,1,0
BRDA:350,28,2,0
BRDA:350,28,3,0
BRDA:350,28,4,0
BRDA:350,28,5,0
BRDA:350,28,6,0
BRDA:350,28,7,1
BRDA:379,29,0,1
BRDA:379,30,0,3
BRDA:379,30,1,3
BRDA:386,31,0,1
BRDA:386,32,0,2
BRDA:386,32,1,1
BRDA:387,33,0,1
BRDA:387,33,1,0
BRDA:392,34,0,1
BRDA:396,35,0,1
BRDA:396,35,1,0
BRDA:405,36,0,1
BRDA:405,37,0,2
BRDA:405,37,1,1
BRDA:406,38,0,1
BRDA:406,38,1,0
BRDA:411,39,0,1
BRDA:420,40,0,1
BRDA:420,40,1,0
BRDA:429,41,0,1
BRDA:437,42,0,3
BRDA:437,43,0,13
BRDA:437,43,1,11
BRDA:439,44,0,1
BRDA:467,45,0,2
BRDA:467,45,1,0
BRDA:521,46,0,2
BRDA:521,46,1,0
BRDA:551,47,0,0
BRDA:551,47,1,0
BRDA:579,48,0,0
BRDA:579,48,1,0
BRDA:580,49,0,0
BRDA:580,49,1,0
BRDA:608,50,0,0
BRDA:608,50,1,0
BRDA:609,51,0,0
BRDA:609,51,1,0
BRDA:610,52,0,0
BRDA:610,52,1,0
BRDA:638,53,0,0
BRDA:638,53,1,0
BRDA:639,54,0,0
BRDA:639,54,1,0
BRDA:667,55,0,0
BRDA:667,55,1,0
BRDA:668,56,0,0
BRDA:668,56,1,0
BRDA:696,57,0,0
BRDA:696,57,1,0
BRDA:697,58,0,0
BRDA:697,58,1,0
BRDA:730,59,0,1
BRDA:730,59,1,0
BRDA:759,60,0,0
BRDA:759,60,1,0
BRDA:789,61,0,0
BRDA:789,61,1,0
BRDA:816,62,0,0
BRDA:816,62,1,0
BRDA:817,63,0,0
BRDA:817,63,1,0
BRDA:869,64,0,0
BRDA:869,64,1,0
BRDA:870,65,0,0
BRDA:870,65,1,0
BRDA:897,66,0,1
BRDA:897,66,1,0
BRDA:898,67,0,1
BRDA:898,67,1,0
BRDA:899,68,0,1
BRDA:899,68,1,0
BRDA:926,69,0,0
BRDA:926,69,1,0
BRDA:927,70,0,0
BRDA:927,70,1,0
BRDA:954,71,0,0
BRDA:954,71,1,0
BRDA:955,72,0,0
BRDA:955,72,1,0
BRF:145
BRH:52
end_of_record
